<?xml version="1.0" encoding="UTF-8"?>
<coverage generated="1693739833">
  <project timestamp="1693739833">
    <file name="/home/runner/work/ModernPDO/ModernPDO/src/Actions/Action.php">
      <class name="ModernPDO\Actions\Action" namespace="global">
        <metrics complexity="3" methods="3" coveredmethods="3" conditionals="0" coveredconditionals="0" statements="6" coveredstatements="6" elements="9" coveredelements="9"/>
      </class>
      <line num="16" type="method" name="__construct" visibility="public" complexity="1" crap="1" count="92"/>
      <line num="20" type="stmt" count="92"/>
      <line num="30" type="method" name="getQuery" visibility="protected" complexity="1" crap="1" count="91"/>
      <line num="32" type="stmt" count="91"/>
      <line num="45" type="method" name="exec" visibility="protected" complexity="1" crap="1" count="91"/>
      <line num="47" type="stmt" count="91"/>
      <line num="48" type="stmt" count="91"/>
      <line num="49" type="stmt" count="91"/>
      <line num="50" type="stmt" count="91"/>
      <metrics loc="53" ncloc="35" classes="1" methods="3" coveredmethods="3" conditionals="0" coveredconditionals="0" statements="6" coveredstatements="6" elements="9" coveredelements="9"/>
    </file>
    <file name="/home/runner/work/ModernPDO/ModernPDO/src/Actions/AlterTable.php">
      <class name="ModernPDO\Actions\AlterTable" namespace="global">
        <metrics complexity="18" methods="7" coveredmethods="7" conditionals="0" coveredconditionals="0" statements="30" coveredstatements="30" elements="37" coveredelements="37"/>
      </class>
      <line num="35" type="method" name="buildQuery" visibility="protected" complexity="8" crap="8" count="1"/>
      <line num="37" type="stmt" count="1"/>
      <line num="39" type="stmt" count="1"/>
      <line num="43" type="stmt" count="1"/>
      <line num="44" type="stmt" count="1"/>
      <line num="49" type="stmt" count="1"/>
      <line num="50" type="stmt" count="1"/>
      <line num="51" type="stmt" count="1"/>
      <line num="57" type="stmt" count="1"/>
      <line num="58" type="stmt" count="1"/>
      <line num="59" type="stmt" count="1"/>
      <line num="65" type="stmt" count="1"/>
      <line num="66" type="stmt" count="1"/>
      <line num="67" type="stmt" count="1"/>
      <line num="71" type="stmt" count="1"/>
      <line num="79" type="method" name="getPlaceholders" visibility="protected" complexity="1" crap="1" count="1"/>
      <line num="81" type="stmt" count="1"/>
      <line num="87" type="method" name="rename" visibility="public" complexity="1" crap="1" count="1"/>
      <line num="89" type="stmt" count="1"/>
      <line num="91" type="stmt" count="1"/>
      <line num="99" type="method" name="addColumns" visibility="public" complexity="1" crap="1" count="1"/>
      <line num="101" type="stmt" count="1"/>
      <line num="103" type="stmt" count="1"/>
      <line num="111" type="method" name="renameColumns" visibility="public" complexity="1" crap="1" count="1"/>
      <line num="113" type="stmt" count="1"/>
      <line num="115" type="stmt" count="1"/>
      <line num="123" type="method" name="dropColumns" visibility="public" complexity="1" crap="1" count="1"/>
      <line num="125" type="stmt" count="1"/>
      <line num="127" type="stmt" count="1"/>
      <line num="133" type="method" name="execute" visibility="public" complexity="5" crap="5" count="1"/>
      <line num="136" type="stmt" count="1"/>
      <line num="137" type="stmt" count="1"/>
      <line num="138" type="stmt" count="1"/>
      <line num="139" type="stmt" count="1"/>
      <line num="141" type="stmt" count="1"/>
      <line num="144" type="stmt" count="1"/>
      <line num="146" type="stmt" count="1"/>
      <metrics loc="149" ncloc="101" classes="1" methods="7" coveredmethods="7" conditionals="0" coveredconditionals="0" statements="30" coveredstatements="30" elements="37" coveredelements="37"/>
    </file>
    <file name="/home/runner/work/ModernPDO/ModernPDO/src/Actions/CreateTable.php">
      <class name="ModernPDO\Actions\CreateTable" namespace="global">
        <metrics complexity="9" methods="5" coveredmethods="5" conditionals="0" coveredconditionals="0" statements="21" coveredstatements="21" elements="26" coveredelements="26"/>
      </class>
      <line num="29" type="method" name="buildQuery" visibility="protected" complexity="4" crap="4" count="3"/>
      <line num="31" type="stmt" count="3"/>
      <line num="33" type="stmt" count="3"/>
      <line num="35" type="stmt" count="3"/>
      <line num="36" type="stmt" count="1"/>
      <line num="39" type="stmt" count="3"/>
      <line num="41" type="stmt" count="3"/>
      <line num="43" type="stmt" count="3"/>
      <line num="44" type="stmt" count="3"/>
      <line num="47" type="stmt" count="3"/>
      <line num="48" type="stmt" count="1"/>
      <line num="51" type="stmt" count="3"/>
      <line num="53" type="stmt" count="3"/>
      <line num="61" type="method" name="getPlaceholders" visibility="protected" complexity="1" crap="1" count="3"/>
      <line num="63" type="stmt" count="3"/>
      <line num="71" type="method" name="fields" visibility="public" complexity="1" crap="1" count="3"/>
      <line num="73" type="stmt" count="3"/>
      <line num="75" type="stmt" count="3"/>
      <line num="83" type="method" name="keys" visibility="public" complexity="1" crap="1" count="1"/>
      <line num="85" type="stmt" count="1"/>
      <line num="87" type="stmt" count="1"/>
      <line num="93" type="method" name="execute" visibility="public" complexity="2" crap="2" count="3"/>
      <line num="95" type="stmt" count="3"/>
      <line num="96" type="stmt" count="1"/>
      <line num="99" type="stmt" count="3"/>
      <line num="101" type="stmt" count="3"/>
      <metrics loc="104" ncloc="74" classes="1" methods="5" coveredmethods="5" conditionals="0" coveredconditionals="0" statements="21" coveredstatements="21" elements="26" coveredelements="26"/>
    </file>
    <file name="/home/runner/work/ModernPDO/ModernPDO/src/Actions/Delete.php">
      <class name="ModernPDO\Actions\Delete" namespace="global">
        <metrics complexity="6" methods="3" coveredmethods="2" conditionals="0" coveredconditionals="0" statements="16" coveredstatements="14" elements="19" coveredelements="16"/>
      </class>
      <line num="21" type="method" name="buildQuery" visibility="protected" complexity="4" crap="4.18" count="15"/>
      <line num="23" type="stmt" count="15"/>
      <line num="25" type="stmt" count="15"/>
      <line num="27" type="stmt" count="15"/>
      <line num="28" type="stmt" count="15"/>
      <line num="31" type="stmt" count="15"/>
      <line num="32" type="stmt" count="0"/>
      <line num="35" type="stmt" count="15"/>
      <line num="36" type="stmt" count="0"/>
      <line num="39" type="stmt" count="15"/>
      <line num="47" type="method" name="getPlaceholders" visibility="protected" complexity="1" crap="1" count="15"/>
      <line num="49" type="stmt" count="15"/>
      <line num="50" type="stmt" count="15"/>
      <line num="51" type="stmt" count="15"/>
      <line num="52" type="stmt" count="15"/>
      <line num="53" type="stmt" count="15"/>
      <line num="59" type="method" name="execute" visibility="public" complexity="1" crap="1" count="15"/>
      <line num="61" type="stmt" count="15"/>
      <line num="63" type="stmt" count="15"/>
      <metrics loc="66" ncloc="52" classes="1" methods="3" coveredmethods="2" conditionals="0" coveredconditionals="0" statements="16" coveredstatements="14" elements="19" coveredelements="16"/>
    </file>
    <file name="/home/runner/work/ModernPDO/ModernPDO/src/Actions/DropTable.php">
      <class name="ModernPDO\Actions\DropTable" namespace="global">
        <metrics complexity="4" methods="3" coveredmethods="3" conditionals="0" coveredconditionals="0" statements="9" coveredstatements="9" elements="12" coveredelements="12"/>
      </class>
      <line num="17" type="method" name="buildQuery" visibility="protected" complexity="2" crap="2" count="1"/>
      <line num="19" type="stmt" count="1"/>
      <line num="21" type="stmt" count="1"/>
      <line num="23" type="stmt" count="1"/>
      <line num="24" type="stmt" count="1"/>
      <line num="27" type="stmt" count="1"/>
      <line num="29" type="stmt" count="1"/>
      <line num="37" type="method" name="getPlaceholders" visibility="protected" complexity="1" crap="1" count="1"/>
      <line num="39" type="stmt" count="1"/>
      <line num="45" type="method" name="execute" visibility="public" complexity="1" crap="1" count="1"/>
      <line num="47" type="stmt" count="1"/>
      <line num="49" type="stmt" count="1"/>
      <metrics loc="52" ncloc="38" classes="1" methods="3" coveredmethods="3" conditionals="0" coveredconditionals="0" statements="9" coveredstatements="9" elements="12" coveredelements="12"/>
    </file>
    <file name="/home/runner/work/ModernPDO/ModernPDO/src/Actions/Insert.php">
      <class name="ModernPDO\Actions\Insert" namespace="global">
        <metrics complexity="5" methods="3" coveredmethods="3" conditionals="0" coveredconditionals="0" statements="11" coveredstatements="11" elements="14" coveredelements="14"/>
      </class>
      <line num="19" type="method" name="buildQuery" visibility="protected" complexity="2" crap="2" count="20"/>
      <line num="21" type="stmt" count="20"/>
      <line num="23" type="stmt" count="20"/>
      <line num="25" type="stmt" count="20"/>
      <line num="26" type="stmt" count="15"/>
      <line num="29" type="stmt" count="20"/>
      <line num="31" type="stmt" count="20"/>
      <line num="39" type="method" name="getPlaceholders" visibility="protected" complexity="1" crap="1" count="20"/>
      <line num="41" type="stmt" count="20"/>
      <line num="47" type="method" name="execute" visibility="public" complexity="2" crap="2" count="20"/>
      <line num="49" type="stmt" count="20"/>
      <line num="50" type="stmt" count="5"/>
      <line num="53" type="stmt" count="20"/>
      <line num="55" type="stmt" count="20"/>
      <metrics loc="58" ncloc="44" classes="1" methods="3" coveredmethods="3" conditionals="0" coveredconditionals="0" statements="11" coveredstatements="11" elements="14" coveredelements="14"/>
    </file>
    <file name="/home/runner/work/ModernPDO/ModernPDO/src/Actions/Select.php">
      <class name="ModernPDO\Actions\Select" namespace="global">
        <metrics complexity="9" methods="5" coveredmethods="4" conditionals="0" coveredconditionals="0" statements="25" coveredstatements="22" elements="30" coveredelements="26"/>
      </class>
      <line num="25" type="method" name="buildQuery" visibility="protected" complexity="5" crap="5" count="26"/>
      <line num="27" type="stmt" count="26"/>
      <line num="29" type="stmt" count="26"/>
      <line num="31" type="stmt" count="26"/>
      <line num="32" type="stmt" count="3"/>
      <line num="35" type="stmt" count="26"/>
      <line num="36" type="stmt" count="17"/>
      <line num="39" type="stmt" count="26"/>
      <line num="40" type="stmt" count="6"/>
      <line num="43" type="stmt" count="26"/>
      <line num="44" type="stmt" count="17"/>
      <line num="47" type="stmt" count="26"/>
      <line num="55" type="method" name="getPlaceholders" visibility="protected" complexity="1" crap="1" count="26"/>
      <line num="57" type="stmt" count="26"/>
      <line num="58" type="stmt" count="26"/>
      <line num="59" type="stmt" count="26"/>
      <line num="60" type="stmt" count="26"/>
      <line num="61" type="stmt" count="26"/>
      <line num="62" type="stmt" count="26"/>
      <line num="70" type="method" name="rows" visibility="public" complexity="1" crap="1" count="14"/>
      <line num="72" type="stmt" count="14"/>
      <line num="74" type="stmt" count="14"/>
      <line num="82" type="method" name="row" visibility="public" complexity="1" crap="1" count="17"/>
      <line num="84" type="stmt" count="17"/>
      <line num="86" type="stmt" count="17"/>
      <line num="88" type="stmt" count="17"/>
      <line num="94" type="method" name="cell" visibility="public" complexity="1" crap="2" count="0"/>
      <line num="96" type="stmt" count="0"/>
      <line num="98" type="stmt" count="0"/>
      <line num="100" type="stmt" count="0"/>
      <metrics loc="103" ncloc="79" classes="1" methods="5" coveredmethods="4" conditionals="0" coveredconditionals="0" statements="25" coveredstatements="22" elements="30" coveredelements="26"/>
    </file>
    <file name="/home/runner/work/ModernPDO/ModernPDO/src/Actions/Update.php">
      <class name="ModernPDO\Actions\Update" namespace="global">
        <metrics complexity="7" methods="3" coveredmethods="2" conditionals="0" coveredconditionals="0" statements="19" coveredstatements="17" elements="22" coveredelements="19"/>
      </class>
      <line num="23" type="method" name="buildQuery" visibility="protected" complexity="4" crap="4.18" count="25"/>
      <line num="25" type="stmt" count="25"/>
      <line num="27" type="stmt" count="25"/>
      <line num="29" type="stmt" count="25"/>
      <line num="30" type="stmt" count="15"/>
      <line num="33" type="stmt" count="25"/>
      <line num="34" type="stmt" count="0"/>
      <line num="37" type="stmt" count="25"/>
      <line num="38" type="stmt" count="0"/>
      <line num="41" type="stmt" count="25"/>
      <line num="49" type="method" name="getPlaceholders" visibility="protected" complexity="1" crap="1" count="25"/>
      <line num="51" type="stmt" count="25"/>
      <line num="52" type="stmt" count="25"/>
      <line num="53" type="stmt" count="25"/>
      <line num="54" type="stmt" count="25"/>
      <line num="55" type="stmt" count="25"/>
      <line num="56" type="stmt" count="25"/>
      <line num="62" type="method" name="execute" visibility="public" complexity="2" crap="2" count="26"/>
      <line num="64" type="stmt" count="26"/>
      <line num="65" type="stmt" count="1"/>
      <line num="68" type="stmt" count="25"/>
      <line num="70" type="stmt" count="25"/>
      <metrics loc="73" ncloc="59" classes="1" methods="3" coveredmethods="2" conditionals="0" coveredconditionals="0" statements="19" coveredstatements="17" elements="22" coveredelements="19"/>
    </file>
    <file name="/home/runner/work/ModernPDO/ModernPDO/src/Conditions/Between.php">
      <class name="ModernPDO\Conditions\Between" namespace="global">
        <metrics complexity="4" methods="4" coveredmethods="4" conditionals="0" coveredconditionals="0" statements="7" coveredstatements="7" elements="11" coveredelements="11"/>
      </class>
      <line num="18" type="method" name="__construct" visibility="public" complexity="1" crap="1" count="1"/>
      <line num="22" type="stmt" count="1"/>
      <line num="27" type="method" name="buildSign" visibility="public" complexity="1" crap="1" count="1"/>
      <line num="29" type="stmt" count="1"/>
      <line num="35" type="method" name="buildQuery" visibility="public" complexity="1" crap="1" count="1"/>
      <line num="37" type="stmt" count="1"/>
      <line num="45" type="method" name="buildParams" visibility="public" complexity="1" crap="1" count="1"/>
      <line num="47" type="stmt" count="1"/>
      <line num="48" type="stmt" count="1"/>
      <line num="49" type="stmt" count="1"/>
      <line num="50" type="stmt" count="1"/>
      <metrics loc="53" ncloc="31" classes="1" methods="4" coveredmethods="4" conditionals="0" coveredconditionals="0" statements="7" coveredstatements="7" elements="11" coveredelements="11"/>
    </file>
    <file name="/home/runner/work/ModernPDO/ModernPDO/src/Conditions/Condition.php">
      <class name="ModernPDO\Conditions\Condition" namespace="global">
        <metrics complexity="0" methods="0" coveredmethods="0" conditionals="0" coveredconditionals="0" statements="0" coveredstatements="0" elements="0" coveredelements="0"/>
      </class>
      <metrics loc="29" ncloc="13" classes="0" methods="0" coveredmethods="0" conditionals="0" coveredconditionals="0" statements="0" coveredstatements="0" elements="0" coveredelements="0"/>
    </file>
    <file name="/home/runner/work/ModernPDO/ModernPDO/src/Conditions/In.php">
      <class name="ModernPDO\Conditions\In" namespace="global">
        <metrics complexity="5" methods="4" coveredmethods="3" conditionals="0" coveredconditionals="0" statements="6" coveredstatements="5" elements="10" coveredelements="8"/>
      </class>
      <line num="15" type="method" name="__construct" visibility="public" complexity="1" crap="1" count="1"/>
      <line num="18" type="stmt" count="1"/>
      <line num="23" type="method" name="buildSign" visibility="public" complexity="1" crap="1" count="1"/>
      <line num="25" type="stmt" count="1"/>
      <line num="31" type="method" name="buildQuery" visibility="public" complexity="2" crap="2.15" count="1"/>
      <line num="33" type="stmt" count="1"/>
      <line num="34" type="stmt" count="0"/>
      <line num="37" type="stmt" count="1"/>
      <line num="45" type="method" name="buildParams" visibility="public" complexity="1" crap="1" count="1"/>
      <line num="47" type="stmt" count="1"/>
      <metrics loc="50" ncloc="31" classes="1" methods="4" coveredmethods="3" conditionals="0" coveredconditionals="0" statements="6" coveredstatements="5" elements="10" coveredelements="8"/>
    </file>
    <file name="/home/runner/work/ModernPDO/ModernPDO/src/Conditions/NotBetween.php">
      <class name="ModernPDO\Conditions\NotBetween" namespace="global">
        <metrics complexity="1" methods="1" coveredmethods="1" conditionals="0" coveredconditionals="0" statements="1" coveredstatements="1" elements="2" coveredelements="2"/>
      </class>
      <line num="13" type="method" name="buildSign" visibility="public" complexity="1" crap="1" count="1"/>
      <line num="15" type="stmt" count="1"/>
      <metrics loc="18" ncloc="12" classes="1" methods="1" coveredmethods="1" conditionals="0" coveredconditionals="0" statements="1" coveredstatements="1" elements="2" coveredelements="2"/>
    </file>
    <file name="/home/runner/work/ModernPDO/ModernPDO/src/Conditions/NotIn.php">
      <class name="ModernPDO\Conditions\NotIn" namespace="global">
        <metrics complexity="1" methods="1" coveredmethods="1" conditionals="0" coveredconditionals="0" statements="1" coveredstatements="1" elements="2" coveredelements="2"/>
      </class>
      <line num="13" type="method" name="buildSign" visibility="public" complexity="1" crap="1" count="1"/>
      <line num="15" type="stmt" count="1"/>
      <metrics loc="18" ncloc="12" classes="1" methods="1" coveredmethods="1" conditionals="0" coveredconditionals="0" statements="1" coveredstatements="1" elements="2" coveredelements="2"/>
    </file>
    <file name="/home/runner/work/ModernPDO/ModernPDO/src/Drivers/Actions/PostgreSQL/AlterTable.php">
      <class name="ModernPDO\Drivers\Actions\PostgreSQL\AlterTable" namespace="global">
        <metrics complexity="9" methods="1" coveredmethods="0" conditionals="0" coveredconditionals="0" statements="33" coveredstatements="0" elements="34" coveredelements="0"/>
      </class>
      <line num="15" type="method" name="execute" visibility="public" complexity="9" crap="90" count="0"/>
      <line num="22" type="stmt" count="0"/>
      <line num="23" type="stmt" count="0"/>
      <line num="24" type="stmt" count="0"/>
      <line num="25" type="stmt" count="0"/>
      <line num="27" type="stmt" count="0"/>
      <line num="31" type="stmt" count="0"/>
      <line num="32" type="stmt" count="0"/>
      <line num="33" type="stmt" count="0"/>
      <line num="34" type="stmt" count="0"/>
      <line num="37" type="stmt" count="0"/>
      <line num="38" type="stmt" count="0"/>
      <line num="39" type="stmt" count="0"/>
      <line num="40" type="stmt" count="0"/>
      <line num="44" type="stmt" count="0"/>
      <line num="46" type="stmt" count="0"/>
      <line num="50" type="stmt" count="0"/>
      <line num="51" type="stmt" count="0"/>
      <line num="53" type="stmt" count="0"/>
      <line num="54" type="stmt" count="0"/>
      <line num="56" type="stmt" count="0"/>
      <line num="60" type="stmt" count="0"/>
      <line num="62" type="stmt" count="0"/>
      <line num="63" type="stmt" count="0"/>
      <line num="64" type="stmt" count="0"/>
      <line num="66" type="stmt" count="0"/>
      <line num="67" type="stmt" count="0"/>
      <line num="69" type="stmt" count="0"/>
      <line num="72" type="stmt" count="0"/>
      <line num="75" type="stmt" count="0"/>
      <line num="76" type="stmt" count="0"/>
      <line num="77" type="stmt" count="0"/>
      <line num="78" type="stmt" count="0"/>
      <line num="80" type="stmt" count="0"/>
      <metrics loc="83" ncloc="69" classes="1" methods="1" coveredmethods="0" conditionals="0" coveredconditionals="0" statements="33" coveredstatements="0" elements="34" coveredelements="0"/>
    </file>
    <file name="/home/runner/work/ModernPDO/ModernPDO/src/Drivers/Actions/SQLite3/AlterTable.php">
      <class name="ModernPDO\Drivers\Actions\SQLite3\AlterTable" namespace="global">
        <metrics complexity="13" methods="1" coveredmethods="0" conditionals="0" coveredconditionals="0" statements="44" coveredstatements="0" elements="45" coveredelements="0"/>
      </class>
      <line num="15" type="method" name="execute" visibility="public" complexity="13" crap="182" count="0"/>
      <line num="22" type="stmt" count="0"/>
      <line num="23" type="stmt" count="0"/>
      <line num="24" type="stmt" count="0"/>
      <line num="25" type="stmt" count="0"/>
      <line num="27" type="stmt" count="0"/>
      <line num="31" type="stmt" count="0"/>
      <line num="32" type="stmt" count="0"/>
      <line num="33" type="stmt" count="0"/>
      <line num="34" type="stmt" count="0"/>
      <line num="37" type="stmt" count="0"/>
      <line num="38" type="stmt" count="0"/>
      <line num="39" type="stmt" count="0"/>
      <line num="40" type="stmt" count="0"/>
      <line num="44" type="stmt" count="0"/>
      <line num="46" type="stmt" count="0"/>
      <line num="50" type="stmt" count="0"/>
      <line num="52" type="stmt" count="0"/>
      <line num="53" type="stmt" count="0"/>
      <line num="55" type="stmt" count="0"/>
      <line num="58" type="stmt" count="0"/>
      <line num="62" type="stmt" count="0"/>
      <line num="63" type="stmt" count="0"/>
      <line num="65" type="stmt" count="0"/>
      <line num="66" type="stmt" count="0"/>
      <line num="68" type="stmt" count="0"/>
      <line num="72" type="stmt" count="0"/>
      <line num="76" type="stmt" count="0"/>
      <line num="77" type="stmt" count="0"/>
      <line num="79" type="stmt" count="0"/>
      <line num="80" type="stmt" count="0"/>
      <line num="82" type="stmt" count="0"/>
      <line num="86" type="stmt" count="0"/>
      <line num="90" type="stmt" count="0"/>
      <line num="91" type="stmt" count="0"/>
      <line num="93" type="stmt" count="0"/>
      <line num="94" type="stmt" count="0"/>
      <line num="96" type="stmt" count="0"/>
      <line num="100" type="stmt" count="0"/>
      <line num="102" type="stmt" count="0"/>
      <line num="105" type="stmt" count="0"/>
      <line num="106" type="stmt" count="0"/>
      <line num="107" type="stmt" count="0"/>
      <line num="108" type="stmt" count="0"/>
      <line num="110" type="stmt" count="0"/>
      <metrics loc="113" ncloc="96" classes="1" methods="1" coveredmethods="0" conditionals="0" coveredconditionals="0" statements="44" coveredstatements="0" elements="45" coveredelements="0"/>
    </file>
    <file name="/home/runner/work/ModernPDO/ModernPDO/src/Drivers/Actions/SQLite3/Select.php">
      <class name="ModernPDO\Drivers\Actions\SQLite3\Select" namespace="global">
        <metrics complexity="1" methods="1" coveredmethods="0" conditionals="0" coveredconditionals="0" statements="1" coveredstatements="0" elements="2" coveredelements="0"/>
      </class>
      <line num="19" type="method" name="rightJoin" visibility="public" complexity="1" crap="2" count="0"/>
      <line num="21" type="stmt" count="0"/>
      <metrics loc="24" ncloc="14" classes="1" methods="1" coveredmethods="0" conditionals="0" coveredconditionals="0" statements="1" coveredstatements="0" elements="2" coveredelements="0"/>
    </file>
    <file name="/home/runner/work/ModernPDO/ModernPDO/src/Drivers/Escapers/MariaDBEscaper.php">
      <class name="ModernPDO\Drivers\Escapers\MariaDBEscaper" namespace="global">
        <metrics complexity="0" methods="0" coveredmethods="0" conditionals="0" coveredconditionals="0" statements="0" coveredstatements="0" elements="0" coveredelements="0"/>
      </class>
      <metrics loc="11" ncloc="8" classes="0" methods="0" coveredmethods="0" conditionals="0" coveredconditionals="0" statements="0" coveredstatements="0" elements="0" coveredelements="0"/>
    </file>
    <file name="/home/runner/work/ModernPDO/ModernPDO/src/Drivers/Escapers/MySQLEscaper.php">
      <class name="ModernPDO\Drivers\Escapers\MySQLEscaper" namespace="global">
        <metrics complexity="9" methods="5" coveredmethods="0" conditionals="0" coveredconditionals="0" statements="19" coveredstatements="0" elements="24" coveredelements="0"/>
      </class>
      <line num="20" type="method" name="table" visibility="public" complexity="3" crap="12" count="0"/>
      <line num="22" type="stmt" count="0"/>
      <line num="24" type="stmt" count="0"/>
      <line num="25" type="stmt" count="0"/>
      <line num="26" type="stmt" count="0"/>
      <line num="29" type="stmt" count="0"/>
      <line num="32" type="stmt" count="0"/>
      <line num="34" type="stmt" count="0"/>
      <line num="36" type="stmt" count="0"/>
      <line num="42" type="method" name="column" visibility="public" complexity="3" crap="12" count="0"/>
      <line num="44" type="stmt" count="0"/>
      <line num="46" type="stmt" count="0"/>
      <line num="47" type="stmt" count="0"/>
      <line num="48" type="stmt" count="0"/>
      <line num="51" type="stmt" count="0"/>
      <line num="54" type="stmt" count="0"/>
      <line num="56" type="stmt" count="0"/>
      <line num="58" type="stmt" count="0"/>
      <line num="64" type="method" name="key" visibility="public" complexity="1" crap="2" count="0"/>
      <line num="66" type="stmt" count="0"/>
      <line num="72" type="method" name="stringValue" visibility="public" complexity="1" crap="2" count="0"/>
      <line num="74" type="stmt" count="0"/>
      <line num="80" type="method" name="boolValue" visibility="public" complexity="1" crap="2" count="0"/>
      <line num="82" type="stmt" count="0"/>
      <metrics loc="85" ncloc="64" classes="1" methods="5" coveredmethods="0" conditionals="0" coveredconditionals="0" statements="19" coveredstatements="0" elements="24" coveredelements="0"/>
    </file>
    <file name="/home/runner/work/ModernPDO/ModernPDO/src/Drivers/Escapers/PostgreSQLEscaper.php">
      <class name="ModernPDO\Drivers\Escapers\PostgreSQLEscaper" namespace="global">
        <metrics complexity="10" methods="5" coveredmethods="0" conditionals="0" coveredconditionals="0" statements="19" coveredstatements="0" elements="24" coveredelements="0"/>
      </class>
      <line num="20" type="method" name="table" visibility="public" complexity="3" crap="12" count="0"/>
      <line num="22" type="stmt" count="0"/>
      <line num="24" type="stmt" count="0"/>
      <line num="25" type="stmt" count="0"/>
      <line num="26" type="stmt" count="0"/>
      <line num="29" type="stmt" count="0"/>
      <line num="32" type="stmt" count="0"/>
      <line num="34" type="stmt" count="0"/>
      <line num="36" type="stmt" count="0"/>
      <line num="42" type="method" name="column" visibility="public" complexity="3" crap="12" count="0"/>
      <line num="44" type="stmt" count="0"/>
      <line num="46" type="stmt" count="0"/>
      <line num="47" type="stmt" count="0"/>
      <line num="48" type="stmt" count="0"/>
      <line num="51" type="stmt" count="0"/>
      <line num="54" type="stmt" count="0"/>
      <line num="56" type="stmt" count="0"/>
      <line num="58" type="stmt" count="0"/>
      <line num="64" type="method" name="key" visibility="public" complexity="1" crap="2" count="0"/>
      <line num="66" type="stmt" count="0"/>
      <line num="72" type="method" name="stringValue" visibility="public" complexity="1" crap="2" count="0"/>
      <line num="74" type="stmt" count="0"/>
      <line num="80" type="method" name="boolValue" visibility="public" complexity="2" crap="6" count="0"/>
      <line num="82" type="stmt" count="0"/>
      <metrics loc="85" ncloc="64" classes="1" methods="5" coveredmethods="0" conditionals="0" coveredconditionals="0" statements="19" coveredstatements="0" elements="24" coveredelements="0"/>
    </file>
    <file name="/home/runner/work/ModernPDO/ModernPDO/src/Drivers/Escapers/SQLite3Escaper.php">
      <class name="ModernPDO\Drivers\Escapers\SQLite3Escaper" namespace="global">
        <metrics complexity="9" methods="5" coveredmethods="0" conditionals="0" coveredconditionals="0" statements="19" coveredstatements="0" elements="24" coveredelements="0"/>
      </class>
      <line num="20" type="method" name="table" visibility="public" complexity="3" crap="12" count="0"/>
      <line num="22" type="stmt" count="0"/>
      <line num="24" type="stmt" count="0"/>
      <line num="25" type="stmt" count="0"/>
      <line num="26" type="stmt" count="0"/>
      <line num="29" type="stmt" count="0"/>
      <line num="32" type="stmt" count="0"/>
      <line num="34" type="stmt" count="0"/>
      <line num="36" type="stmt" count="0"/>
      <line num="42" type="method" name="column" visibility="public" complexity="3" crap="12" count="0"/>
      <line num="44" type="stmt" count="0"/>
      <line num="46" type="stmt" count="0"/>
      <line num="47" type="stmt" count="0"/>
      <line num="48" type="stmt" count="0"/>
      <line num="51" type="stmt" count="0"/>
      <line num="54" type="stmt" count="0"/>
      <line num="56" type="stmt" count="0"/>
      <line num="58" type="stmt" count="0"/>
      <line num="64" type="method" name="key" visibility="public" complexity="1" crap="2" count="0"/>
      <line num="66" type="stmt" count="0"/>
      <line num="72" type="method" name="stringValue" visibility="public" complexity="1" crap="2" count="0"/>
      <line num="74" type="stmt" count="0"/>
      <line num="80" type="method" name="boolValue" visibility="public" complexity="1" crap="2" count="0"/>
      <line num="82" type="stmt" count="0"/>
      <metrics loc="85" ncloc="64" classes="1" methods="5" coveredmethods="0" conditionals="0" coveredconditionals="0" statements="19" coveredstatements="0" elements="24" coveredelements="0"/>
    </file>
    <file name="/home/runner/work/ModernPDO/ModernPDO/src/Drivers/Factories/PostgreSQLFactory.php">
      <class name="ModernPDO\Drivers\Factories\PostgreSQLFactory" namespace="global">
        <metrics complexity="1" methods="1" coveredmethods="0" conditionals="0" coveredconditionals="0" statements="1" coveredstatements="0" elements="2" coveredelements="0"/>
      </class>
      <line num="17" type="method" name="alterTable" visibility="public" complexity="1" crap="2" count="0"/>
      <line num="19" type="stmt" count="0"/>
      <metrics loc="22" ncloc="16" classes="1" methods="1" coveredmethods="0" conditionals="0" coveredconditionals="0" statements="1" coveredstatements="0" elements="2" coveredelements="0"/>
    </file>
    <file name="/home/runner/work/ModernPDO/ModernPDO/src/Drivers/Factories/SQLite3Factory.php">
      <class name="ModernPDO\Drivers\Factories\SQLite3Factory" namespace="global">
        <metrics complexity="2" methods="2" coveredmethods="0" conditionals="0" coveredconditionals="0" statements="2" coveredstatements="0" elements="4" coveredelements="0"/>
      </class>
      <line num="19" type="method" name="alterTable" visibility="public" complexity="1" crap="2" count="0"/>
      <line num="21" type="stmt" count="0"/>
      <line num="27" type="method" name="select" visibility="public" complexity="1" crap="2" count="0"/>
      <line num="29" type="stmt" count="0"/>
      <metrics loc="32" ncloc="23" classes="1" methods="2" coveredmethods="0" conditionals="0" coveredconditionals="0" statements="2" coveredstatements="0" elements="4" coveredelements="0"/>
    </file>
    <file name="/home/runner/work/ModernPDO/ModernPDO/src/Drivers/MariaDBDriver.php">
      <class name="ModernPDO\Drivers\MariaDBDriver" namespace="global">
        <metrics complexity="0" methods="0" coveredmethods="0" conditionals="0" coveredconditionals="0" statements="0" coveredstatements="0" elements="0" coveredelements="0"/>
      </class>
      <metrics loc="11" ncloc="8" classes="0" methods="0" coveredmethods="0" conditionals="0" coveredconditionals="0" statements="0" coveredstatements="0" elements="0" coveredelements="0"/>
    </file>
    <file name="/home/runner/work/ModernPDO/ModernPDO/src/Drivers/MySQLDriver.php">
      <class name="ModernPDO\Drivers\MySQLDriver" namespace="global">
        <metrics complexity="2" methods="1" coveredmethods="0" conditionals="0" coveredconditionals="0" statements="10" coveredstatements="0" elements="11" coveredelements="0"/>
      </class>
      <line num="28" type="method" name="__construct" visibility="public" complexity="2" crap="6" count="0"/>
      <line num="34" type="stmt" count="0"/>
      <line num="36" type="stmt" count="0"/>
      <line num="38" type="stmt" count="0"/>
      <line num="39" type="stmt" count="0"/>
      <line num="42" type="stmt" count="0"/>
      <line num="43" type="stmt" count="0"/>
      <line num="44" type="stmt" count="0"/>
      <line num="45" type="stmt" count="0"/>
      <line num="46" type="stmt" count="0"/>
      <line num="48" type="stmt" count="0"/>
      <metrics loc="51" ncloc="35" classes="1" methods="1" coveredmethods="0" conditionals="0" coveredconditionals="0" statements="10" coveredstatements="0" elements="11" coveredelements="0"/>
    </file>
    <file name="/home/runner/work/ModernPDO/ModernPDO/src/Drivers/PostgreSQLDriver.php">
      <class name="ModernPDO\Drivers\PostgreSQLDriver" namespace="global">
        <metrics complexity="1" methods="1" coveredmethods="0" conditionals="0" coveredconditionals="0" statements="7" coveredstatements="0" elements="8" coveredelements="0"/>
      </class>
      <line num="28" type="method" name="__construct" visibility="public" complexity="1" crap="2" count="0"/>
      <line num="33" type="stmt" count="0"/>
      <line num="35" type="stmt" count="0"/>
      <line num="36" type="stmt" count="0"/>
      <line num="37" type="stmt" count="0"/>
      <line num="38" type="stmt" count="0"/>
      <line num="39" type="stmt" count="0"/>
      <line num="41" type="stmt" count="0"/>
      <metrics loc="44" ncloc="29" classes="1" methods="1" coveredmethods="0" conditionals="0" coveredconditionals="0" statements="7" coveredstatements="0" elements="8" coveredelements="0"/>
    </file>
    <file name="/home/runner/work/ModernPDO/ModernPDO/src/Drivers/SQLite3Driver.php">
      <class name="ModernPDO\Drivers\SQLite3Driver" namespace="global">
        <metrics complexity="1" methods="1" coveredmethods="0" conditionals="0" coveredconditionals="0" statements="2" coveredstatements="0" elements="3" coveredelements="0"/>
      </class>
      <line num="25" type="method" name="__construct" visibility="public" complexity="1" crap="2" count="0"/>
      <line num="28" type="stmt" count="0"/>
      <line num="30" type="stmt" count="0"/>
      <metrics loc="33" ncloc="19" classes="1" methods="1" coveredmethods="0" conditionals="0" coveredconditionals="0" statements="2" coveredstatements="0" elements="3" coveredelements="0"/>
    </file>
    <file name="/home/runner/work/ModernPDO/ModernPDO/src/Escaper.php">
      <class name="ModernPDO\Escaper" namespace="global">
        <metrics complexity="8" methods="7" coveredmethods="0" conditionals="0" coveredconditionals="0" statements="7" coveredstatements="0" elements="14" coveredelements="0"/>
      </class>
      <line num="13" type="method" name="__construct" visibility="public" complexity="1" crap="2" count="0"/>
      <line num="16" type="stmt" count="0"/>
      <line num="21" type="method" name="string" visibility="private" complexity="1" crap="2" count="0"/>
      <line num="23" type="stmt" count="0"/>
      <line num="29" type="method" name="table" visibility="public" complexity="1" crap="2" count="0"/>
      <line num="31" type="stmt" count="0"/>
      <line num="37" type="method" name="column" visibility="public" complexity="1" crap="2" count="0"/>
      <line num="39" type="stmt" count="0"/>
      <line num="45" type="method" name="key" visibility="public" complexity="1" crap="2" count="0"/>
      <line num="47" type="stmt" count="0"/>
      <line num="53" type="method" name="stringValue" visibility="public" complexity="1" crap="2" count="0"/>
      <line num="55" type="stmt" count="0"/>
      <line num="61" type="method" name="boolValue" visibility="public" complexity="2" crap="6" count="0"/>
      <line num="63" type="stmt" count="0"/>
      <metrics loc="66" ncloc="42" classes="1" methods="7" coveredmethods="0" conditionals="0" coveredconditionals="0" statements="7" coveredstatements="0" elements="14" coveredelements="0"/>
    </file>
    <file name="/home/runner/work/ModernPDO/ModernPDO/src/Factory.php">
      <class name="ModernPDO\Factory" namespace="global">
        <metrics complexity="10" methods="10" coveredmethods="0" conditionals="0" coveredconditionals="0" statements="10" coveredstatements="0" elements="20" coveredelements="0"/>
      </class>
      <line num="21" type="method" name="__construct" visibility="public" complexity="1" crap="2" count="0"/>
      <line num="25" type="stmt" count="0"/>
      <line num="30" type="method" name="transaction" visibility="public" complexity="1" crap="2" count="0"/>
      <line num="32" type="stmt" count="0"/>
      <line num="38" type="method" name="statement" visibility="public" complexity="1" crap="2" count="0"/>
      <line num="40" type="stmt" count="0"/>
      <line num="46" type="method" name="createTable" visibility="public" complexity="1" crap="2" count="0"/>
      <line num="48" type="stmt" count="0"/>
      <line num="54" type="method" name="alterTable" visibility="public" complexity="1" crap="2" count="0"/>
      <line num="56" type="stmt" count="0"/>
      <line num="62" type="method" name="dropTable" visibility="public" complexity="1" crap="2" count="0"/>
      <line num="64" type="stmt" count="0"/>
      <line num="70" type="method" name="select" visibility="public" complexity="1" crap="2" count="0"/>
      <line num="72" type="stmt" count="0"/>
      <line num="78" type="method" name="insert" visibility="public" complexity="1" crap="2" count="0"/>
      <line num="80" type="stmt" count="0"/>
      <line num="86" type="method" name="update" visibility="public" complexity="1" crap="2" count="0"/>
      <line num="88" type="stmt" count="0"/>
      <line num="94" type="method" name="delete" visibility="public" complexity="1" crap="2" count="0"/>
      <line num="96" type="stmt" count="0"/>
      <metrics loc="99" ncloc="66" classes="1" methods="10" coveredmethods="0" conditionals="0" coveredconditionals="0" statements="10" coveredstatements="0" elements="20" coveredelements="0"/>
    </file>
    <file name="/home/runner/work/ModernPDO/ModernPDO/src/Fields/BoolField.php">
      <class name="ModernPDO\Fields\BoolField" namespace="global">
        <metrics complexity="6" methods="2" coveredmethods="1" conditionals="0" coveredconditionals="0" statements="18" coveredstatements="16" elements="20" coveredelements="17"/>
      </class>
      <line num="23" type="method" name="__construct" visibility="public" complexity="1" crap="1" count="1"/>
      <line num="28" type="stmt" count="1"/>
      <line num="33" type="method" name="build" visibility="public" complexity="5" crap="5.04" count="1"/>
      <line num="35" type="stmt" count="1"/>
      <line num="39" type="stmt" count="1"/>
      <line num="40" type="stmt" count="1"/>
      <line num="42" type="stmt" count="1"/>
      <line num="43" type="stmt" count="0"/>
      <line num="47" type="stmt" count="1"/>
      <line num="51" type="stmt" count="1"/>
      <line num="52" type="stmt" count="1"/>
      <line num="53" type="stmt" count="1"/>
      <line num="54" type="stmt" count="1"/>
      <line num="55" type="stmt" count="1"/>
      <line num="57" type="stmt" count="1"/>
      <line num="58" type="stmt" count="1"/>
      <line num="60" type="stmt" count="1"/>
      <line num="61" type="stmt" count="0"/>
      <line num="63" type="stmt" count="1"/>
      <line num="67" type="stmt" count="1"/>
      <metrics loc="70" ncloc="51" classes="1" methods="2" coveredmethods="1" conditionals="0" coveredconditionals="0" statements="18" coveredstatements="16" elements="20" coveredelements="17"/>
    </file>
    <file name="/home/runner/work/ModernPDO/ModernPDO/src/Fields/Field.php">
      <class name="ModernPDO\Fields\Field" namespace="global">
        <metrics complexity="0" methods="0" coveredmethods="0" conditionals="0" coveredconditionals="0" statements="0" coveredstatements="0" elements="0" coveredelements="0"/>
      </class>
      <metrics loc="17" ncloc="11" classes="0" methods="0" coveredmethods="0" conditionals="0" coveredconditionals="0" statements="0" coveredstatements="0" elements="0" coveredelements="0"/>
    </file>
    <file name="/home/runner/work/ModernPDO/ModernPDO/src/Fields/IntField.php">
      <class name="ModernPDO\Fields\IntField" namespace="global">
        <metrics complexity="7" methods="2" coveredmethods="1" conditionals="0" coveredconditionals="0" statements="15" coveredstatements="13" elements="17" coveredelements="14"/>
      </class>
      <line num="23" type="method" name="__construct" visibility="public" complexity="1" crap="1" count="4"/>
      <line num="29" type="stmt" count="4"/>
      <line num="34" type="method" name="build" visibility="public" complexity="6" crap="6.10" count="4"/>
      <line num="36" type="stmt" count="4"/>
      <line num="40" type="stmt" count="4"/>
      <line num="41" type="stmt" count="1"/>
      <line num="46" type="stmt" count="4"/>
      <line num="47" type="stmt" count="4"/>
      <line num="49" type="stmt" count="4"/>
      <line num="50" type="stmt" count="0"/>
      <line num="54" type="stmt" count="4"/>
      <line num="58" type="stmt" count="4"/>
      <line num="59" type="stmt" count="1"/>
      <line num="61" type="stmt" count="1"/>
      <line num="62" type="stmt" count="0"/>
      <line num="64" type="stmt" count="1"/>
      <line num="68" type="stmt" count="4"/>
      <metrics loc="71" ncloc="51" classes="1" methods="2" coveredmethods="1" conditionals="0" coveredconditionals="0" statements="15" coveredstatements="13" elements="17" coveredelements="14"/>
    </file>
    <file name="/home/runner/work/ModernPDO/ModernPDO/src/Fields/RealField.php">
      <class name="ModernPDO\Fields\RealField" namespace="global">
        <metrics complexity="6" methods="2" coveredmethods="1" conditionals="0" coveredconditionals="0" statements="13" coveredstatements="11" elements="15" coveredelements="12"/>
      </class>
      <line num="22" type="method" name="__construct" visibility="public" complexity="1" crap="1" count="1"/>
      <line num="27" type="stmt" count="1"/>
      <line num="32" type="method" name="build" visibility="public" complexity="5" crap="5.12" count="1"/>
      <line num="34" type="stmt" count="1"/>
      <line num="38" type="stmt" count="1"/>
      <line num="39" type="stmt" count="1"/>
      <line num="41" type="stmt" count="1"/>
      <line num="42" type="stmt" count="0"/>
      <line num="46" type="stmt" count="1"/>
      <line num="50" type="stmt" count="1"/>
      <line num="51" type="stmt" count="1"/>
      <line num="53" type="stmt" count="1"/>
      <line num="54" type="stmt" count="0"/>
      <line num="56" type="stmt" count="1"/>
      <line num="60" type="stmt" count="1"/>
      <metrics loc="63" ncloc="45" classes="1" methods="2" coveredmethods="1" conditionals="0" coveredconditionals="0" statements="13" coveredstatements="11" elements="15" coveredelements="12"/>
    </file>
    <file name="/home/runner/work/ModernPDO/ModernPDO/src/Fields/TextField.php">
      <class name="ModernPDO\Fields\TextField" namespace="global">
        <metrics complexity="6" methods="2" coveredmethods="1" conditionals="0" coveredconditionals="0" statements="13" coveredstatements="11" elements="15" coveredelements="12"/>
      </class>
      <line num="22" type="method" name="__construct" visibility="public" complexity="1" crap="1" count="1"/>
      <line num="27" type="stmt" count="1"/>
      <line num="32" type="method" name="build" visibility="public" complexity="5" crap="5.12" count="1"/>
      <line num="34" type="stmt" count="1"/>
      <line num="38" type="stmt" count="1"/>
      <line num="39" type="stmt" count="1"/>
      <line num="41" type="stmt" count="1"/>
      <line num="42" type="stmt" count="0"/>
      <line num="46" type="stmt" count="1"/>
      <line num="50" type="stmt" count="1"/>
      <line num="51" type="stmt" count="1"/>
      <line num="53" type="stmt" count="1"/>
      <line num="54" type="stmt" count="0"/>
      <line num="56" type="stmt" count="1"/>
      <line num="60" type="stmt" count="1"/>
      <metrics loc="63" ncloc="45" classes="1" methods="2" coveredmethods="1" conditionals="0" coveredconditionals="0" statements="13" coveredstatements="11" elements="15" coveredelements="12"/>
    </file>
    <file name="/home/runner/work/ModernPDO/ModernPDO/src/Fields/VarcharField.php">
      <class name="ModernPDO\Fields\VarcharField" namespace="global">
        <metrics complexity="6" methods="2" coveredmethods="1" conditionals="0" coveredconditionals="0" statements="13" coveredstatements="11" elements="15" coveredelements="12"/>
      </class>
      <line num="23" type="method" name="__construct" visibility="public" complexity="1" crap="1" count="1"/>
      <line num="29" type="stmt" count="1"/>
      <line num="34" type="method" name="build" visibility="public" complexity="5" crap="5.12" count="1"/>
      <line num="36" type="stmt" count="1"/>
      <line num="40" type="stmt" count="1"/>
      <line num="41" type="stmt" count="1"/>
      <line num="43" type="stmt" count="1"/>
      <line num="44" type="stmt" count="0"/>
      <line num="48" type="stmt" count="1"/>
      <line num="52" type="stmt" count="1"/>
      <line num="53" type="stmt" count="1"/>
      <line num="55" type="stmt" count="1"/>
      <line num="56" type="stmt" count="0"/>
      <line num="58" type="stmt" count="1"/>
      <line num="62" type="stmt" count="1"/>
      <metrics loc="65" ncloc="46" classes="1" methods="2" coveredmethods="1" conditionals="0" coveredconditionals="0" statements="13" coveredstatements="11" elements="15" coveredelements="12"/>
    </file>
    <file name="/home/runner/work/ModernPDO/ModernPDO/src/Functions/Aggregate/AggregateFunction.php">
      <class name="ModernPDO\Functions\Aggregate\AggregateFunction" namespace="global">
        <metrics complexity="0" methods="0" coveredmethods="0" conditionals="0" coveredconditionals="0" statements="0" coveredstatements="0" elements="0" coveredelements="0"/>
      </class>
      <metrics loc="13" ncloc="10" classes="0" methods="0" coveredmethods="0" conditionals="0" coveredconditionals="0" statements="0" coveredstatements="0" elements="0" coveredelements="0"/>
    </file>
    <file name="/home/runner/work/ModernPDO/ModernPDO/src/Functions/Aggregate/Avg.php">
      <class name="ModernPDO\Functions\Aggregate\Avg" namespace="global">
        <metrics complexity="2" methods="2" coveredmethods="0" conditionals="0" coveredconditionals="0" statements="2" coveredstatements="0" elements="4" coveredelements="0"/>
      </class>
      <line num="15" type="method" name="__construct" visibility="public" complexity="1" crap="2" count="0"/>
      <line num="18" type="stmt" count="0"/>
      <line num="23" type="method" name="build" visibility="public" complexity="1" crap="2" count="0"/>
      <line num="25" type="stmt" count="0"/>
      <metrics loc="28" ncloc="19" classes="1" methods="2" coveredmethods="0" conditionals="0" coveredconditionals="0" statements="2" coveredstatements="0" elements="4" coveredelements="0"/>
    </file>
    <file name="/home/runner/work/ModernPDO/ModernPDO/src/Functions/Aggregate/Count.php">
      <class name="ModernPDO\Functions\Aggregate\Count" namespace="global">
        <metrics complexity="3" methods="2" coveredmethods="2" conditionals="0" coveredconditionals="0" statements="2" coveredstatements="2" elements="4" coveredelements="4"/>
      </class>
      <line num="15" type="method" name="__construct" visibility="public" complexity="1" crap="1" count="7"/>
      <line num="18" type="stmt" count="7"/>
      <line num="23" type="method" name="build" visibility="public" complexity="2" crap="2" count="7"/>
      <line num="25" type="stmt" count="7"/>
      <metrics loc="28" ncloc="19" classes="1" methods="2" coveredmethods="2" conditionals="0" coveredconditionals="0" statements="2" coveredstatements="2" elements="4" coveredelements="4"/>
    </file>
    <file name="/home/runner/work/ModernPDO/ModernPDO/src/Functions/Aggregate/Max.php">
      <class name="ModernPDO\Functions\Aggregate\Max" namespace="global">
        <metrics complexity="2" methods="2" coveredmethods="2" conditionals="0" coveredconditionals="0" statements="2" coveredstatements="2" elements="4" coveredelements="4"/>
      </class>
      <line num="15" type="method" name="__construct" visibility="public" complexity="1" crap="1" count="7"/>
      <line num="18" type="stmt" count="7"/>
      <line num="23" type="method" name="build" visibility="public" complexity="1" crap="1" count="7"/>
      <line num="25" type="stmt" count="7"/>
      <metrics loc="28" ncloc="19" classes="1" methods="2" coveredmethods="2" conditionals="0" coveredconditionals="0" statements="2" coveredstatements="2" elements="4" coveredelements="4"/>
    </file>
    <file name="/home/runner/work/ModernPDO/ModernPDO/src/Functions/Aggregate/Min.php">
      <class name="ModernPDO\Functions\Aggregate\Min" namespace="global">
        <metrics complexity="2" methods="2" coveredmethods="2" conditionals="0" coveredconditionals="0" statements="2" coveredstatements="2" elements="4" coveredelements="4"/>
      </class>
      <line num="15" type="method" name="__construct" visibility="public" complexity="1" crap="1" count="2"/>
      <line num="18" type="stmt" count="2"/>
      <line num="23" type="method" name="build" visibility="public" complexity="1" crap="1" count="2"/>
      <line num="25" type="stmt" count="2"/>
      <metrics loc="28" ncloc="19" classes="1" methods="2" coveredmethods="2" conditionals="0" coveredconditionals="0" statements="2" coveredstatements="2" elements="4" coveredelements="4"/>
    </file>
    <file name="/home/runner/work/ModernPDO/ModernPDO/src/Functions/Aggregate/Sum.php">
      <class name="ModernPDO\Functions\Aggregate\Sum" namespace="global">
        <metrics complexity="2" methods="2" coveredmethods="2" conditionals="0" coveredconditionals="0" statements="2" coveredstatements="2" elements="4" coveredelements="4"/>
      </class>
      <line num="15" type="method" name="__construct" visibility="public" complexity="1" crap="1" count="2"/>
      <line num="18" type="stmt" count="2"/>
      <line num="23" type="method" name="build" visibility="public" complexity="1" crap="1" count="2"/>
      <line num="25" type="stmt" count="2"/>
      <metrics loc="28" ncloc="19" classes="1" methods="2" coveredmethods="2" conditionals="0" coveredconditionals="0" statements="2" coveredstatements="2" elements="4" coveredelements="4"/>
    </file>
    <file name="/home/runner/work/ModernPDO/ModernPDO/src/Functions/BaseFunction.php">
      <class name="ModernPDO\Functions\BaseFunction" namespace="global">
        <metrics complexity="0" methods="0" coveredmethods="0" conditionals="0" coveredconditionals="0" statements="0" coveredstatements="0" elements="0" coveredelements="0"/>
      </class>
      <metrics loc="17" ncloc="11" classes="0" methods="0" coveredmethods="0" conditionals="0" coveredconditionals="0" statements="0" coveredstatements="0" elements="0" coveredelements="0"/>
    </file>
    <file name="/home/runner/work/ModernPDO/ModernPDO/src/Functions/Scalar/ScalarFunction.php">
      <class name="ModernPDO\Functions\Scalar\ScalarFunction" namespace="global">
        <metrics complexity="0" methods="0" coveredmethods="0" conditionals="0" coveredconditionals="0" statements="0" coveredstatements="0" elements="0" coveredelements="0"/>
      </class>
      <metrics loc="24" ncloc="13" classes="0" methods="0" coveredmethods="0" conditionals="0" coveredconditionals="0" statements="0" coveredstatements="0" elements="0" coveredelements="0"/>
    </file>
    <file name="/home/runner/work/ModernPDO/ModernPDO/src/Functions/Scalar/String/Lenght.php">
      <class name="ModernPDO\Functions\Scalar\String\Lenght" namespace="global">
        <metrics complexity="4" methods="4" coveredmethods="2" conditionals="0" coveredconditionals="0" statements="6" coveredstatements="2" elements="10" coveredelements="4"/>
      </class>
      <line num="16" type="method" name="__construct" visibility="public" complexity="1" crap="1" count="1"/>
      <line num="19" type="stmt" count="1"/>
      <line num="24" type="method" name="build" visibility="public" complexity="1" crap="1" count="1"/>
      <line num="26" type="stmt" count="1"/>
      <line num="32" type="method" name="buildQuery" visibility="public" complexity="1" crap="2" count="0"/>
      <line num="34" type="stmt" count="0"/>
      <line num="42" type="method" name="buildParams" visibility="public" complexity="1" crap="2" count="0"/>
      <line num="44" type="stmt" count="0"/>
      <line num="45" type="stmt" count="0"/>
      <line num="46" type="stmt" count="0"/>
      <metrics loc="49" ncloc="32" classes="1" methods="4" coveredmethods="2" conditionals="0" coveredconditionals="0" statements="6" coveredstatements="2" elements="10" coveredelements="4"/>
    </file>
    <file name="/home/runner/work/ModernPDO/ModernPDO/src/Functions/Scalar/String/Lower.php">
      <class name="ModernPDO\Functions\Scalar\String\Lower" namespace="global">
        <metrics complexity="4" methods="4" coveredmethods="4" conditionals="0" coveredconditionals="0" statements="6" coveredstatements="6" elements="10" coveredelements="10"/>
      </class>
      <line num="16" type="method" name="__construct" visibility="public" complexity="1" crap="1" count="16"/>
      <line num="19" type="stmt" count="16"/>
      <line num="24" type="method" name="build" visibility="public" complexity="1" crap="1" count="1"/>
      <line num="26" type="stmt" count="1"/>
      <line num="32" type="method" name="buildQuery" visibility="public" complexity="1" crap="1" count="15"/>
      <line num="34" type="stmt" count="15"/>
      <line num="42" type="method" name="buildParams" visibility="public" complexity="1" crap="1" count="15"/>
      <line num="44" type="stmt" count="15"/>
      <line num="45" type="stmt" count="15"/>
      <line num="46" type="stmt" count="15"/>
      <metrics loc="49" ncloc="32" classes="1" methods="4" coveredmethods="4" conditionals="0" coveredconditionals="0" statements="6" coveredstatements="6" elements="10" coveredelements="10"/>
    </file>
    <file name="/home/runner/work/ModernPDO/ModernPDO/src/Functions/Scalar/String/Reverse.php">
      <class name="ModernPDO\Functions\Scalar\String\Reverse" namespace="global">
        <metrics complexity="4" methods="4" coveredmethods="3" conditionals="0" coveredconditionals="0" statements="6" coveredstatements="5" elements="10" coveredelements="8"/>
      </class>
      <line num="16" type="method" name="__construct" visibility="public" complexity="1" crap="1" count="20"/>
      <line num="19" type="stmt" count="20"/>
      <line num="24" type="method" name="build" visibility="public" complexity="1" crap="2" count="0"/>
      <line num="26" type="stmt" count="0"/>
      <line num="32" type="method" name="buildQuery" visibility="public" complexity="1" crap="1" count="20"/>
      <line num="34" type="stmt" count="20"/>
      <line num="42" type="method" name="buildParams" visibility="public" complexity="1" crap="1" count="20"/>
      <line num="44" type="stmt" count="20"/>
      <line num="45" type="stmt" count="20"/>
      <line num="46" type="stmt" count="20"/>
      <metrics loc="49" ncloc="32" classes="1" methods="4" coveredmethods="3" conditionals="0" coveredconditionals="0" statements="6" coveredstatements="5" elements="10" coveredelements="8"/>
    </file>
    <file name="/home/runner/work/ModernPDO/ModernPDO/src/Functions/Scalar/String/Upper.php">
      <class name="ModernPDO\Functions\Scalar\String\Upper" namespace="global">
        <metrics complexity="4" methods="4" coveredmethods="4" conditionals="0" coveredconditionals="0" statements="6" coveredstatements="6" elements="10" coveredelements="10"/>
      </class>
      <line num="16" type="method" name="__construct" visibility="public" complexity="1" crap="1" count="16"/>
      <line num="19" type="stmt" count="16"/>
      <line num="24" type="method" name="build" visibility="public" complexity="1" crap="1" count="1"/>
      <line num="26" type="stmt" count="1"/>
      <line num="32" type="method" name="buildQuery" visibility="public" complexity="1" crap="1" count="15"/>
      <line num="34" type="stmt" count="15"/>
      <line num="42" type="method" name="buildParams" visibility="public" complexity="1" crap="1" count="15"/>
      <line num="44" type="stmt" count="15"/>
      <line num="45" type="stmt" count="15"/>
      <line num="46" type="stmt" count="15"/>
      <metrics loc="49" ncloc="32" classes="1" methods="4" coveredmethods="4" conditionals="0" coveredconditionals="0" statements="6" coveredstatements="6" elements="10" coveredelements="10"/>
    </file>
    <file name="/home/runner/work/ModernPDO/ModernPDO/src/Keys/ForeignKey.php">
      <class name="ModernPDO\Keys\ForeignKey" namespace="global">
        <metrics complexity="6" methods="3" coveredmethods="2" conditionals="0" coveredconditionals="0" statements="13" coveredstatements="9" elements="16" coveredelements="11"/>
      </class>
      <line num="20" type="method" name="__construct" visibility="public" complexity="1" crap="1" count="1"/>
      <line num="26" type="stmt" count="1"/>
      <line num="33" type="method" name="buildFields" visibility="private" complexity="3" crap="5.67" count="1"/>
      <line num="35" type="stmt" count="1"/>
      <line num="36" type="stmt" count="1"/>
      <line num="39" type="stmt" count="0"/>
      <line num="41" type="stmt" count="0"/>
      <line num="42" type="stmt" count="0"/>
      <line num="45" type="stmt" count="0"/>
      <line num="51" type="method" name="build" visibility="public" complexity="2" crap="2" count="1"/>
      <line num="53" type="stmt" count="1"/>
      <line num="55" type="stmt" count="1"/>
      <line num="56" type="stmt" count="1"/>
      <line num="59" type="stmt" count="1"/>
      <line num="60" type="stmt" count="1"/>
      <line num="62" type="stmt" count="1"/>
      <metrics loc="65" ncloc="46" classes="1" methods="3" coveredmethods="2" conditionals="0" coveredconditionals="0" statements="13" coveredstatements="9" elements="16" coveredelements="11"/>
    </file>
    <file name="/home/runner/work/ModernPDO/ModernPDO/src/Keys/Key.php">
      <class name="ModernPDO\Keys\Key" namespace="global">
        <metrics complexity="0" methods="0" coveredmethods="0" conditionals="0" coveredconditionals="0" statements="0" coveredstatements="0" elements="0" coveredelements="0"/>
      </class>
      <metrics loc="17" ncloc="11" classes="0" methods="0" coveredmethods="0" conditionals="0" coveredconditionals="0" statements="0" coveredstatements="0" elements="0" coveredelements="0"/>
    </file>
    <file name="/home/runner/work/ModernPDO/ModernPDO/src/Keys/PrimaryKey.php">
      <class name="ModernPDO\Keys\PrimaryKey" namespace="global">
        <metrics complexity="6" methods="3" coveredmethods="2" conditionals="0" coveredconditionals="0" statements="12" coveredstatements="8" elements="15" coveredelements="10"/>
      </class>
      <line num="18" type="method" name="__construct" visibility="public" complexity="1" crap="1" count="1"/>
      <line num="22" type="stmt" count="1"/>
      <line num="29" type="method" name="buildFields" visibility="private" complexity="3" crap="5.67" count="1"/>
      <line num="31" type="stmt" count="1"/>
      <line num="32" type="stmt" count="1"/>
      <line num="35" type="stmt" count="0"/>
      <line num="37" type="stmt" count="0"/>
      <line num="38" type="stmt" count="0"/>
      <line num="41" type="stmt" count="0"/>
      <line num="47" type="method" name="build" visibility="public" complexity="2" crap="2" count="1"/>
      <line num="49" type="stmt" count="1"/>
      <line num="51" type="stmt" count="1"/>
      <line num="52" type="stmt" count="1"/>
      <line num="55" type="stmt" count="1"/>
      <line num="57" type="stmt" count="1"/>
      <metrics loc="60" ncloc="43" classes="1" methods="3" coveredmethods="2" conditionals="0" coveredconditionals="0" statements="12" coveredstatements="8" elements="15" coveredelements="10"/>
    </file>
    <file name="/home/runner/work/ModernPDO/ModernPDO/src/Keys/UniqueKey.php">
      <class name="ModernPDO\Keys\UniqueKey" namespace="global">
        <metrics complexity="6" methods="3" coveredmethods="2" conditionals="0" coveredconditionals="0" statements="12" coveredstatements="8" elements="15" coveredelements="10"/>
      </class>
      <line num="18" type="method" name="__construct" visibility="public" complexity="1" crap="1" count="1"/>
      <line num="22" type="stmt" count="1"/>
      <line num="29" type="method" name="buildFields" visibility="private" complexity="3" crap="5.67" count="1"/>
      <line num="31" type="stmt" count="1"/>
      <line num="32" type="stmt" count="1"/>
      <line num="35" type="stmt" count="0"/>
      <line num="37" type="stmt" count="0"/>
      <line num="38" type="stmt" count="0"/>
      <line num="41" type="stmt" count="0"/>
      <line num="47" type="method" name="build" visibility="public" complexity="2" crap="2" count="1"/>
      <line num="49" type="stmt" count="1"/>
      <line num="51" type="stmt" count="1"/>
      <line num="52" type="stmt" count="1"/>
      <line num="55" type="stmt" count="1"/>
      <line num="57" type="stmt" count="1"/>
      <metrics loc="60" ncloc="43" classes="1" methods="3" coveredmethods="2" conditionals="0" coveredconditionals="0" statements="12" coveredstatements="8" elements="15" coveredelements="10"/>
    </file>
    <file name="/home/runner/work/ModernPDO/ModernPDO/src/ModernPDO.php">
      <class name="ModernPDO\ModernPDO" namespace="global">
        <metrics complexity="18" methods="12" coveredmethods="0" conditionals="0" coveredconditionals="0" statements="24" coveredstatements="0" elements="36" coveredelements="0"/>
      </class>
      <line num="40" type="method" name="__construct" visibility="public" complexity="1" crap="2" count="0"/>
      <line num="45" type="stmt" count="0"/>
      <line num="46" type="stmt" count="0"/>
      <line num="47" type="stmt" count="0"/>
      <line num="53" type="method" name="escaper" visibility="public" complexity="1" crap="2" count="0"/>
      <line num="55" type="stmt" count="0"/>
      <line num="61" type="method" name="transaction" visibility="public" complexity="1" crap="2" count="0"/>
      <line num="63" type="stmt" count="0"/>
      <line num="73" type="method" name="exec" visibility="public" complexity="3" crap="12" count="0"/>
      <line num="76" type="stmt" count="0"/>
      <line num="77" type="stmt" count="0"/>
      <line num="78" type="stmt" count="0"/>
      <line num="81" type="stmt" count="0"/>
      <line num="94" type="method" name="query" visibility="public" complexity="5" crap="30" count="0"/>
      <line num="97" type="stmt" count="0"/>
      <line num="98" type="stmt" count="0"/>
      <line num="100" type="stmt" count="0"/>
      <line num="102" type="stmt" count="0"/>
      <line num="103" type="stmt" count="0"/>
      <line num="106" type="stmt" count="0"/>
      <line num="107" type="stmt" count="0"/>
      <line num="110" type="stmt" count="0"/>
      <line num="116" type="method" name="createTable" visibility="public" complexity="1" crap="2" count="0"/>
      <line num="118" type="stmt" count="0"/>
      <line num="124" type="method" name="alterTable" visibility="public" complexity="1" crap="2" count="0"/>
      <line num="126" type="stmt" count="0"/>
      <line num="132" type="method" name="dropTable" visibility="public" complexity="1" crap="2" count="0"/>
      <line num="134" type="stmt" count="0"/>
      <line num="140" type="method" name="select" visibility="public" complexity="1" crap="2" count="0"/>
      <line num="142" type="stmt" count="0"/>
      <line num="148" type="method" name="insert" visibility="public" complexity="1" crap="2" count="0"/>
      <line num="150" type="stmt" count="0"/>
      <line num="156" type="method" name="update" visibility="public" complexity="1" crap="2" count="0"/>
      <line num="158" type="stmt" count="0"/>
      <line num="164" type="method" name="delete" visibility="public" complexity="1" crap="2" count="0"/>
      <line num="166" type="stmt" count="0"/>
      <metrics loc="169" ncloc="106" classes="1" methods="12" coveredmethods="0" conditionals="0" coveredconditionals="0" statements="24" coveredstatements="0" elements="36" coveredelements="0"/>
    </file>
    <file name="/home/runner/work/ModernPDO/ModernPDO/src/Statement.php">
      <class name="ModernPDO\Statement" namespace="global">
        <metrics complexity="16" methods="8" coveredmethods="5" conditionals="0" coveredconditionals="0" statements="26" coveredstatements="14" elements="34" coveredelements="19"/>
      </class>
      <line num="15" type="method" name="__construct" visibility="public" complexity="1" crap="1" count="94"/>
      <line num="18" type="stmt" count="94"/>
      <line num="23" type="method" name="status" visibility="public" complexity="1" crap="1" count="5"/>
      <line num="25" type="stmt" count="5"/>
      <line num="33" type="method" name="rowCount" visibility="public" complexity="2" crap="2" count="62"/>
      <line num="36" type="stmt" count="62"/>
      <line num="37" type="stmt" count="1"/>
      <line num="38" type="stmt" count="1"/>
      <line num="41" type="stmt" count="62"/>
      <line num="49" type="method" name="columnCount" visibility="public" complexity="2" crap="6" count="0"/>
      <line num="52" type="stmt" count="0"/>
      <line num="53" type="stmt" count="0"/>
      <line num="54" type="stmt" count="0"/>
      <line num="57" type="stmt" count="0"/>
      <line num="67" type="method" name="fetchColumn" visibility="public" complexity="2" crap="6" count="0"/>
      <line num="71" type="stmt" count="0"/>
      <line num="72" type="stmt" count="0"/>
      <line num="73" type="stmt" count="0"/>
      <line num="76" type="stmt" count="0"/>
      <line num="86" type="method" name="fetchObject" visibility="public" complexity="2" crap="6" count="0"/>
      <line num="89" type="stmt" count="0"/>
      <line num="90" type="stmt" count="0"/>
      <line num="91" type="stmt" count="0"/>
      <line num="94" type="stmt" count="0"/>
      <line num="104" type="method" name="fetch" visibility="public" complexity="3" crap="3" count="19"/>
      <line num="108" type="stmt" count="19"/>
      <line num="109" type="stmt" count="1"/>
      <line num="110" type="stmt" count="1"/>
      <line num="113" type="stmt" count="19"/>
      <line num="123" type="method" name="fetchAll" visibility="public" complexity="3" crap="3" count="16"/>
      <line num="127" type="stmt" count="16"/>
      <line num="128" type="stmt" count="1"/>
      <line num="129" type="stmt" count="1"/>
      <line num="132" type="stmt" count="16"/>
      <metrics loc="135" ncloc="83" classes="1" methods="8" coveredmethods="5" conditionals="0" coveredconditionals="0" statements="26" coveredstatements="14" elements="34" coveredelements="19"/>
    </file>
    <file name="/home/runner/work/ModernPDO/ModernPDO/src/Traits/CheckIfExistsTrait.php">
      <class name="ModernPDO\Traits\CheckIfExistsTrait" namespace="global">
        <metrics complexity="1" methods="1" coveredmethods="1" conditionals="0" coveredconditionals="0" statements="2" coveredstatements="2" elements="3" coveredelements="3"/>
      </class>
      <line num="22" type="method" name="checkIfExists" visibility="public" complexity="1" crap="1" count="2"/>
      <line num="24" type="stmt" count="2"/>
      <line num="26" type="stmt" count="2"/>
      <metrics loc="29" ncloc="16" classes="1" methods="1" coveredmethods="1" conditionals="0" coveredconditionals="0" statements="2" coveredstatements="2" elements="3" coveredelements="3"/>
    </file>
    <file name="/home/runner/work/ModernPDO/ModernPDO/src/Traits/ColumnsTrait.php">
      <class name="ModernPDO\Traits\ColumnsTrait" namespace="global">
        <metrics complexity="7" methods="3" coveredmethods="3" conditionals="0" coveredconditionals="0" statements="14" coveredstatements="14" elements="17" coveredelements="17"/>
      </class>
      <line num="21" type="method" name="columnsQuery" visibility="protected" complexity="5" crap="5" count="41"/>
      <line num="23" type="stmt" count="41"/>
      <line num="24" type="stmt" count="18"/>
      <line num="27" type="stmt" count="24"/>
      <line num="29" type="stmt" count="24"/>
      <line num="30" type="stmt" count="24"/>
      <line num="31" type="stmt" count="8"/>
      <line num="33" type="stmt" count="21"/>
      <line num="36" type="stmt" count="24"/>
      <line num="37" type="stmt" count="6"/>
      <line num="40" type="stmt" count="24"/>
      <line num="43" type="stmt" count="24"/>
      <line num="51" type="method" name="columnsPlaceholders" visibility="protected" complexity="1" crap="1" count="46"/>
      <line num="53" type="stmt" count="46"/>
      <line num="63" type="method" name="columns" visibility="public" complexity="1" crap="1" count="24"/>
      <line num="65" type="stmt" count="24"/>
      <line num="67" type="stmt" count="24"/>
      <metrics loc="70" ncloc="49" classes="1" methods="3" coveredmethods="3" conditionals="0" coveredconditionals="0" statements="14" coveredstatements="14" elements="17" coveredelements="17"/>
    </file>
    <file name="/home/runner/work/ModernPDO/ModernPDO/src/Traits/JoinsTrait.php">
      <class name="ModernPDO\Traits\JoinsTrait" namespace="global">
        <metrics complexity="8" methods="5" coveredmethods="4" conditionals="0" coveredconditionals="0" statements="18" coveredstatements="17" elements="23" coveredelements="21"/>
      </class>
      <line num="27" type="method" name="joinsQuery" visibility="protected" complexity="3" crap="3.04" count="3"/>
      <line num="29" type="stmt" count="3"/>
      <line num="30" type="stmt" count="0"/>
      <line num="33" type="stmt" count="3"/>
      <line num="35" type="stmt" count="3"/>
      <line num="36" type="stmt" count="2"/>
      <line num="39" type="stmt" count="3"/>
      <line num="47" type="method" name="joinsPlaceholders" visibility="protected" complexity="2" crap="2" count="26"/>
      <line num="49" type="stmt" count="26"/>
      <line num="50" type="stmt" count="23"/>
      <line num="53" type="stmt" count="3"/>
      <line num="63" type="method" name="innerJoin" visibility="public" complexity="1" crap="1" count="3"/>
      <line num="65" type="stmt" count="3"/>
      <line num="66" type="stmt" count="3"/>
      <line num="68" type="stmt" count="3"/>
      <line num="78" type="method" name="leftJoin" visibility="public" complexity="1" crap="1" count="1"/>
      <line num="80" type="stmt" count="1"/>
      <line num="81" type="stmt" count="1"/>
      <line num="83" type="stmt" count="1"/>
      <line num="91" type="method" name="rightJoin" visibility="public" complexity="1" crap="1" count="1"/>
      <line num="93" type="stmt" count="1"/>
      <line num="94" type="stmt" count="1"/>
      <line num="96" type="stmt" count="1"/>
      <metrics loc="99" ncloc="63" classes="1" methods="5" coveredmethods="4" conditionals="0" coveredconditionals="0" statements="18" coveredstatements="17" elements="23" coveredelements="21"/>
    </file>
    <file name="/home/runner/work/ModernPDO/ModernPDO/src/Traits/LimitTrait.php">
      <class name="ModernPDO\Traits\LimitTrait" namespace="global">
        <metrics complexity="5" methods="3" coveredmethods="2" conditionals="0" coveredconditionals="0" statements="10" coveredstatements="8" elements="13" coveredelements="10"/>
      </class>
      <line num="25" type="method" name="limitQuery" visibility="protected" complexity="3" crap="3.33" count="17"/>
      <line num="27" type="stmt" count="17"/>
      <line num="28" type="stmt" count="0"/>
      <line num="31" type="stmt" count="17"/>
      <line num="33" type="stmt" count="17"/>
      <line num="34" type="stmt" count="0"/>
      <line num="37" type="stmt" count="17"/>
      <line num="45" type="method" name="limitPlaceholders" visibility="protected" complexity="1" crap="1" count="40"/>
      <line num="47" type="stmt" count="40"/>
      <line num="58" type="method" name="limit" visibility="public" complexity="1" crap="1" count="17"/>
      <line num="60" type="stmt" count="17"/>
      <line num="61" type="stmt" count="17"/>
      <line num="63" type="stmt" count="17"/>
      <metrics loc="66" ncloc="41" classes="1" methods="3" coveredmethods="2" conditionals="0" coveredconditionals="0" statements="10" coveredstatements="8" elements="13" coveredelements="10"/>
    </file>
    <file name="/home/runner/work/ModernPDO/ModernPDO/src/Traits/OnTrait.php">
      <class name="ModernPDO\Traits\OnTrait" namespace="global">
        <metrics complexity="17" methods="6" coveredmethods="1" conditionals="0" coveredconditionals="0" statements="45" coveredstatements="35" elements="51" coveredelements="36"/>
      </class>
      <line num="25" type="method" name="onQuery" visibility="protected" complexity="4" crap="4.16" count="2"/>
      <line num="27" type="stmt" count="2"/>
      <line num="29" type="stmt" count="2"/>
      <line num="30" type="stmt" count="2"/>
      <line num="31" type="stmt" count="2"/>
      <line num="32" type="stmt" count="2"/>
      <line num="33" type="stmt" count="2"/>
      <line num="34" type="stmt" count="2"/>
      <line num="35" type="stmt" count="2"/>
      <line num="36" type="stmt" count="0"/>
      <line num="37" type="stmt" count="2"/>
      <line num="38" type="stmt" count="0"/>
      <line num="39" type="stmt" count="0"/>
      <line num="44" type="stmt" count="2"/>
      <line num="47" type="stmt" count="2"/>
      <line num="55" type="method" name="onPlaceholders" visibility="protected" complexity="4" crap="4.18" count="3"/>
      <line num="57" type="stmt" count="3"/>
      <line num="59" type="stmt" count="3"/>
      <line num="60" type="stmt" count="3"/>
      <line num="61" type="stmt" count="3"/>
      <line num="62" type="stmt" count="2"/>
      <line num="63" type="stmt" count="0"/>
      <line num="64" type="stmt" count="2"/>
      <line num="65" type="stmt" count="0"/>
      <line num="71" type="stmt" count="3"/>
      <line num="82" type="method" name="addOnCondition" visibility="protected" complexity="1" crap="1" count="2"/>
      <line num="84" type="stmt" count="2"/>
      <line num="85" type="stmt" count="2"/>
      <line num="86" type="stmt" count="2"/>
      <line num="87" type="stmt" count="2"/>
      <line num="88" type="stmt" count="2"/>
      <line num="89" type="stmt" count="2"/>
      <line num="108" type="method" name="on" visibility="public" complexity="2" crap="2.06" count="2"/>
      <line num="110" type="stmt" count="2"/>
      <line num="111" type="stmt" count="0"/>
      <line num="114" type="stmt" count="2"/>
      <line num="116" type="stmt" count="2"/>
      <line num="135" type="method" name="onAnd" visibility="public" complexity="3" crap="3.33" count="2"/>
      <line num="137" type="stmt" count="2"/>
      <line num="138" type="stmt" count="0"/>
      <line num="141" type="stmt" count="2"/>
      <line num="142" type="stmt" count="0"/>
      <line num="145" type="stmt" count="2"/>
      <line num="147" type="stmt" count="2"/>
      <line num="166" type="method" name="onOr" visibility="public" complexity="3" crap="3.33" count="1"/>
      <line num="168" type="stmt" count="1"/>
      <line num="169" type="stmt" count="0"/>
      <line num="172" type="stmt" count="1"/>
      <line num="173" type="stmt" count="0"/>
      <line num="176" type="stmt" count="1"/>
      <line num="178" type="stmt" count="1"/>
      <metrics loc="181" ncloc="103" classes="1" methods="6" coveredmethods="1" conditionals="0" coveredconditionals="0" statements="45" coveredstatements="35" elements="51" coveredelements="36"/>
    </file>
    <file name="/home/runner/work/ModernPDO/ModernPDO/src/Traits/OrderByTrait.php">
      <class name="ModernPDO\Traits\OrderByTrait" namespace="global">
        <metrics complexity="5" methods="3" coveredmethods="2" conditionals="0" coveredconditionals="0" statements="9" coveredstatements="8" elements="12" coveredelements="10"/>
      </class>
      <line num="25" type="method" name="orderByQuery" visibility="protected" complexity="3" crap="3.07" count="6"/>
      <line num="27" type="stmt" count="6"/>
      <line num="28" type="stmt" count="0"/>
      <line num="31" type="stmt" count="6"/>
      <line num="33" type="stmt" count="6"/>
      <line num="35" type="stmt" count="6"/>
      <line num="43" type="method" name="orderByPlaceholders" visibility="protected" complexity="1" crap="1" count="66"/>
      <line num="45" type="stmt" count="66"/>
      <line num="56" type="method" name="orderBy" visibility="public" complexity="1" crap="1" count="6"/>
      <line num="58" type="stmt" count="6"/>
      <line num="59" type="stmt" count="6"/>
      <line num="61" type="stmt" count="6"/>
      <metrics loc="64" ncloc="39" classes="1" methods="3" coveredmethods="2" conditionals="0" coveredconditionals="0" statements="9" coveredstatements="8" elements="12" coveredelements="10"/>
    </file>
    <file name="/home/runner/work/ModernPDO/ModernPDO/src/Traits/SetTrait.php">
      <class name="ModernPDO\Traits\SetTrait" namespace="global">
        <metrics complexity="10" methods="3" coveredmethods="2" conditionals="0" coveredconditionals="0" statements="20" coveredstatements="19" elements="23" coveredelements="21"/>
      </class>
      <line num="21" type="method" name="setQuery" visibility="protected" complexity="4" crap="4.02" count="25"/>
      <line num="23" type="stmt" count="25"/>
      <line num="25" type="stmt" count="25"/>
      <line num="26" type="stmt" count="25"/>
      <line num="27" type="stmt" count="5"/>
      <line num="28" type="stmt" count="20"/>
      <line num="29" type="stmt" count="0"/>
      <line num="31" type="stmt" count="20"/>
      <line num="34" type="stmt" count="25"/>
      <line num="37" type="stmt" count="25"/>
      <line num="45" type="method" name="setPlaceholders" visibility="protected" complexity="4" crap="4" count="25"/>
      <line num="47" type="stmt" count="25"/>
      <line num="49" type="stmt" count="25"/>
      <line num="50" type="stmt" count="25"/>
      <line num="51" type="stmt" count="5"/>
      <line num="52" type="stmt" count="20"/>
      <line num="53" type="stmt" count="20"/>
      <line num="57" type="stmt" count="25"/>
      <line num="67" type="method" name="set" visibility="public" complexity="2" crap="2" count="26"/>
      <line num="69" type="stmt" count="26"/>
      <line num="70" type="stmt" count="6"/>
      <line num="73" type="stmt" count="25"/>
      <line num="75" type="stmt" count="25"/>
      <metrics loc="78" ncloc="57" classes="1" methods="3" coveredmethods="2" conditionals="0" coveredconditionals="0" statements="20" coveredstatements="19" elements="23" coveredelements="21"/>
    </file>
    <file name="/home/runner/work/ModernPDO/ModernPDO/src/Traits/ValuesTrait.php">
      <class name="ModernPDO\Traits\ValuesTrait" namespace="global">
        <metrics complexity="11" methods="3" coveredmethods="2" conditionals="0" coveredconditionals="0" statements="22" coveredstatements="21" elements="25" coveredelements="23"/>
      </class>
      <line num="18" type="method" name="valuesQuery" visibility="protected" complexity="5" crap="5.01" count="20"/>
      <line num="20" type="stmt" count="20"/>
      <line num="22" type="stmt" count="20"/>
      <line num="23" type="stmt" count="20"/>
      <line num="25" type="stmt" count="20"/>
      <line num="26" type="stmt" count="20"/>
      <line num="27" type="stmt" count="5"/>
      <line num="28" type="stmt" count="20"/>
      <line num="29" type="stmt" count="0"/>
      <line num="31" type="stmt" count="20"/>
      <line num="34" type="stmt" count="20"/>
      <line num="37" type="stmt" count="20"/>
      <line num="40" type="stmt" count="20"/>
      <line num="48" type="method" name="valuesPlaceholders" visibility="protected" complexity="5" crap="5" count="20"/>
      <line num="50" type="stmt" count="20"/>
      <line num="52" type="stmt" count="20"/>
      <line num="53" type="stmt" count="20"/>
      <line num="54" type="stmt" count="20"/>
      <line num="55" type="stmt" count="5"/>
      <line num="56" type="stmt" count="20"/>
      <line num="57" type="stmt" count="20"/>
      <line num="62" type="stmt" count="20"/>
      <line num="72" type="method" name="values" visibility="public" complexity="1" crap="1" count="20"/>
      <line num="74" type="stmt" count="20"/>
      <line num="76" type="stmt" count="20"/>
      <metrics loc="79" ncloc="61" classes="1" methods="3" coveredmethods="2" conditionals="0" coveredconditionals="0" statements="22" coveredstatements="21" elements="25" coveredelements="23"/>
    </file>
    <file name="/home/runner/work/ModernPDO/ModernPDO/src/Traits/WhereTrait.php">
      <class name="ModernPDO\Traits\WhereTrait" namespace="global">
        <metrics complexity="19" methods="6" coveredmethods="5" conditionals="0" coveredconditionals="0" statements="50" coveredstatements="49" elements="56" coveredelements="54"/>
      </class>
      <line num="22" type="method" name="whereQuery" visibility="protected" complexity="5" crap="5.01" count="47"/>
      <line num="24" type="stmt" count="47"/>
      <line num="26" type="stmt" count="47"/>
      <line num="27" type="stmt" count="47"/>
      <line num="28" type="stmt" count="47"/>
      <line num="29" type="stmt" count="47"/>
      <line num="30" type="stmt" count="47"/>
      <line num="31" type="stmt" count="47"/>
      <line num="32" type="stmt" count="47"/>
      <line num="33" type="stmt" count="10"/>
      <line num="34" type="stmt" count="47"/>
      <line num="35" type="stmt" count="1"/>
      <line num="36" type="stmt" count="1"/>
      <line num="37" type="stmt" count="46"/>
      <line num="38" type="stmt" count="0"/>
      <line num="40" type="stmt" count="46"/>
      <line num="43" type="stmt" count="47"/>
      <line num="46" type="stmt" count="47"/>
      <line num="54" type="method" name="wherePlaceholders" visibility="protected" complexity="5" crap="5" count="66"/>
      <line num="56" type="stmt" count="66"/>
      <line num="58" type="stmt" count="66"/>
      <line num="59" type="stmt" count="66"/>
      <line num="60" type="stmt" count="66"/>
      <line num="61" type="stmt" count="47"/>
      <line num="62" type="stmt" count="10"/>
      <line num="63" type="stmt" count="47"/>
      <line num="64" type="stmt" count="1"/>
      <line num="65" type="stmt" count="46"/>
      <line num="66" type="stmt" count="46"/>
      <line num="70" type="stmt" count="66"/>
      <line num="81" type="method" name="addCondition" visibility="protected" complexity="1" crap="1" count="47"/>
      <line num="83" type="stmt" count="47"/>
      <line num="84" type="stmt" count="47"/>
      <line num="85" type="stmt" count="47"/>
      <line num="86" type="stmt" count="47"/>
      <line num="87" type="stmt" count="47"/>
      <line num="88" type="stmt" count="47"/>
      <line num="103" type="method" name="where" visibility="public" complexity="2" crap="2" count="48"/>
      <line num="105" type="stmt" count="48"/>
      <line num="106" type="stmt" count="1"/>
      <line num="109" type="stmt" count="47"/>
      <line num="111" type="stmt" count="47"/>
      <line num="126" type="method" name="and" visibility="public" complexity="3" crap="3" count="33"/>
      <line num="128" type="stmt" count="33"/>
      <line num="129" type="stmt" count="1"/>
      <line num="132" type="stmt" count="32"/>
      <line num="133" type="stmt" count="5"/>
      <line num="136" type="stmt" count="27"/>
      <line num="138" type="stmt" count="27"/>
      <line num="153" type="method" name="or" visibility="public" complexity="3" crap="3" count="21"/>
      <line num="155" type="stmt" count="21"/>
      <line num="156" type="stmt" count="1"/>
      <line num="159" type="stmt" count="20"/>
      <line num="160" type="stmt" count="5"/>
      <line num="163" type="stmt" count="15"/>
      <line num="165" type="stmt" count="15"/>
      <metrics loc="168" ncloc="110" classes="1" methods="6" coveredmethods="5" conditionals="0" coveredconditionals="0" statements="50" coveredstatements="49" elements="56" coveredelements="54"/>
    </file>
    <file name="/home/runner/work/ModernPDO/ModernPDO/src/Transaction.php">
      <class name="ModernPDO\Transaction" namespace="global">
        <metrics complexity="8" methods="5" coveredmethods="2" conditionals="0" coveredconditionals="0" statements="11" coveredstatements="5" elements="16" coveredelements="7"/>
      </class>
      <line num="15" type="method" name="__construct" visibility="public" complexity="1" crap="1" count="2"/>
      <line num="18" type="stmt" count="2"/>
      <line num="25" type="method" name="begin" visibility="public" complexity="2" crap="3.19" count="2"/>
      <line num="28" type="stmt" count="2"/>
      <line num="29" type="stmt" count="0"/>
      <line num="30" type="stmt" count="0"/>
      <line num="39" type="method" name="commit" visibility="public" complexity="2" crap="3.19" count="1"/>
      <line num="42" type="stmt" count="1"/>
      <line num="43" type="stmt" count="0"/>
      <line num="44" type="stmt" count="0"/>
      <line num="53" type="method" name="rollBack" visibility="public" complexity="2" crap="3.19" count="1"/>
      <line num="56" type="stmt" count="1"/>
      <line num="57" type="stmt" count="0"/>
      <line num="58" type="stmt" count="0"/>
      <line num="67" type="method" name="isActive" visibility="public" complexity="1" crap="1" count="2"/>
      <line num="69" type="stmt" count="2"/>
      <metrics loc="72" ncloc="44" classes="1" methods="5" coveredmethods="2" conditionals="0" coveredconditionals="0" statements="11" coveredstatements="5" elements="16" coveredelements="7"/>
    </file>
    <metrics files="62" loc="3821" ncloc="2619" classes="54" methods="186" coveredmethods="99" conditionals="0" coveredconditionals="0" statements="720" coveredstatements="450" elements="906" coveredelements="549"/>
  </project>
</coverage>
